2.9738 	INFO 	Screen res set as: 1920x1080
2.9745 	INFO 	Loaded monitor calibration from ['2019_07_24 13:48']
4.0109 	EXP 	Created window1 = Window(allowGUI=True, allowStencil=False, args=UNKNOWN, autoLog=True, bitsMode=UNKNOWN, blendMode='avg', color='grey', colorSpace='named', fullscr=<method-wrapper '__getattribute__' of attributeSetter object at 0x000001D492A0ACF8>, gamma=None, kwargs=UNKNOWN, lms=UNKNOWN, monitor=<psychopy.monitors.calibTools.Monitor object at 0x000001D492EDB0F0>, multiSample=False, name='window1', numSamples=2, pos=[0.0, 0.0], screen=0, size=array([1920, 1080]), stereo=False, units='pix', useFBO=False, useRetina=False, viewOri=0.0, viewPos=None, viewScale=None, waitBlanking=True, winType='pyglet')
4.0109 	INFO 	Detected framerate: 60 frames per sec.
4.0184 	EXP 	Created unnamed ImageStim = ImageStim(__class__=<class 'psychopy.visual.image.ImageStim'>, autoLog=True, color=array([1., 1., 1.]), colorSpace='rgb', contrast=1.0, depth=0, flipHoriz=False, flipVert=False, image='images\\clock.png', interpolate=True, mask=None, maskParams=None, name='unnamed ImageStim', opacity=1.0, ori=0.0, pos=array([  0., 490.]), size=array([80., 80.]), texRes=128, units='pix', win=Window(...))
4.0674 	EXP 	Created unnamed TextStim = TextStim(__class__=<class 'psychopy.visual.text.TextStim'>, alignHoriz='center', alignVert='center', antialias=True, autoLog=True, bold=False, color='black', colorSpace='named', contrast=1.0, depth=0, flipHoriz=False, flipVert=False, font='Arial', fontFiles=[], height=70, italic=False, languageStyle='LTR', name='unnamed TextStim', opacity=1.0, ori=0.0, pos=array([0., 0.]), rgb=array([0., 0., 0.]), text='+', units='pix', win=Window(...), wrapWidth=500)
4.0674 	INFO 	Mouse: using default window
4.0912 	EXP 	Created unnamed TextStim = TextStim(__class__=<class 'psychopy.visual.text.TextStim'>, alignHoriz='center', alignVert='center', antialias=True, autoLog=True, bold=False, color='black', colorSpace='named', contrast=1.0, depth=0, flipHoriz=False, flipVert=False, font='Arial', fontFiles=[], height=32, italic=False, languageStyle='LTR', name='unnamed TextStim', opacity=1.0, ori=0.0, pos=array([  0., 300.]), rgb=array([0., 0., 0.]), text='Szukaj tej samej liczby liter', units='pix', win=Window(...), wrapWidth=1920)
4.1933 	EXP 	Created unnamed ImageStim = ImageStim(__class__=<class 'psychopy.visual.image.ImageStim'>, autoLog=True, color=array([1., 1., 1.]), colorSpace='rgb', contrast=1.0, depth=0, flipHoriz=False, flipVert=False, image='images\\instruction_1.jpg', interpolate=True, mask=None, maskParams=None, name='unnamed ImageStim', opacity=1.0, ori=0.0, pos=array([0., 0.]), size=array([1600., 1000.]), texRes=128, units='pix', win=Window(...))
5.2025 	DATA 	Keypress: space
5.2366 	EXP 	Created unnamed TextStim = TextStim(__class__=<class 'psychopy.visual.text.TextStim'>, alignHoriz='center', alignVert='center', antialias=True, autoLog=True, bold=False, color='black', colorSpace='named', contrast=1.0, depth=0, flipHoriz=False, flipVert=False, font='Arial', fontFiles=[], height=32, italic=False, languageStyle='LTR', name='unnamed TextStim', opacity=1.0, ori=0.0, pos=array([  0., 200.]), rgb=array([0., 0., 0.]), text='BIURKO', units='pix', win=Window(...), wrapWidth=500)
5.2426 	EXP 	Created unnamed TextStim = TextStim(__class__=<class 'psychopy.visual.text.TextStim'>, alignHoriz='center', alignVert='center', antialias=True, autoLog=True, bold=False, color='red', colorSpace='named', contrast=1.0, depth=0, flipHoriz=False, flipVert=False, font='Arial', fontFiles=[], height=32, italic=False, languageStyle='LTR', name='unnamed TextStim', opacity=1.0, ori=0.0, pos=array([  0., 150.]), rgb=array([255.,   0.,   0.]), text='BIURKO', units='pix', win=Window(...), wrapWidth=500)
5.2535 	EXP 	Created unnamed TextStim = TextStim(__class__=<class 'psychopy.visual.text.TextStim'>, alignHoriz='center', alignVert='center', antialias=True, autoLog=True, bold=False, color=array([1., 1., 1.]), colorSpace='rgb', contrast=1.0, depth=0, flipHoriz=False, flipVert=False, font='Arial', fontFiles=[], height=32, italic=False, languageStyle='LTR', name='unnamed TextStim', opacity=1.0, ori=0.0, pos=array([0., 0.]), rgb=array([1., 1., 1.]), text='AKACJA', units='pix', win=Window(...), wrapWidth=500)
5.2624 	EXP 	Created unnamed TextStim = TextStim(__class__=<class 'psychopy.visual.text.TextStim'>, alignHoriz='center', alignVert='center', antialias=True, autoLog=True, bold=False, color=array([1., 1., 1.]), colorSpace='rgb', contrast=1.0, depth=0, flipHoriz=False, flipVert=False, font='Arial', fontFiles=[], height=32, italic=False, languageStyle='LTR', name='unnamed TextStim', opacity=1.0, ori=0.0, pos=array([0., 0.]), rgb=array([1., 1., 1.]), text='BIODRO', units='pix', win=Window(...), wrapWidth=500)
5.2687 	EXP 	Created unnamed TextStim = TextStim(__class__=<class 'psychopy.visual.text.TextStim'>, alignHoriz='center', alignVert='center', antialias=True, autoLog=True, bold=False, color=array([1., 1., 1.]), colorSpace='rgb', contrast=1.0, depth=0, flipHoriz=False, flipVert=False, font='Arial', fontFiles=[], height=32, italic=False, languageStyle='LTR', name='unnamed TextStim', opacity=1.0, ori=0.0, pos=array([0., 0.]), rgb=array([1., 1., 1.]), text='BIURKO', units='pix', win=Window(...), wrapWidth=500)
5.2792 	EXP 	Created unnamed TextStim = TextStim(__class__=<class 'psychopy.visual.text.TextStim'>, alignHoriz='center', alignVert='center', antialias=True, autoLog=True, bold=False, color=array([1., 1., 1.]), colorSpace='rgb', contrast=1.0, depth=0, flipHoriz=False, flipVert=False, font='Arial', fontFiles=[], height=32, italic=False, languageStyle='LTR', name='unnamed TextStim', opacity=1.0, ori=0.0, pos=array([0., 0.]), rgb=array([1., 1., 1.]), text='CHOMIK', units='pix', win=Window(...), wrapWidth=500)
5.2848 	EXP 	Created unnamed TextStim = TextStim(__class__=<class 'psychopy.visual.text.TextStim'>, alignHoriz='center', alignVert='center', antialias=True, autoLog=True, bold=False, color='black', colorSpace='named', contrast=1.0, depth=0, flipHoriz=False, flipVert=False, font='Arial', fontFiles=[], height=32, italic=False, languageStyle='LTR', name='unnamed TextStim', opacity=1.0, ori=0.0, pos=array([-343.,  -50.]), rgb=array([0., 0., 0.]), text='AKACJA', units='pix', win=Window(...), wrapWidth=500)
5.2876 	EXP 	Created unnamed Rect = Rect(__class__=<class 'psychopy.visual.rect.Rect'>, autoDraw=False, autoLog=True, closeShape=True, color=method-wrapper(...), colorSpace=None, contrast=1.0, depth=0, fillColor=None, fillColorSpace='rgb', fillRGB=None, interpolate=True, lineColor='black', lineColorSpace='named', lineRGB=array([0., 0., 0.]), lineWidth=2, name='unnamed Rect', opacity=1.0, ori=array(0.), pos=array([-343.,  -50.]), size=array([1., 1.]), units='pix', vertices=ndarray(...), win=Window(...))
5.2934 	EXP 	Created unnamed TextStim = TextStim(__class__=<class 'psychopy.visual.text.TextStim'>, alignHoriz='center', alignVert='center', antialias=True, autoLog=True, bold=False, color='black', colorSpace='named', contrast=1.0, depth=0, flipHoriz=False, flipVert=False, font='Arial', fontFiles=[], height=32, italic=False, languageStyle='LTR', name='unnamed TextStim', opacity=1.0, ori=0.0, pos=array([-114.5,  -50. ]), rgb=array([0., 0., 0.]), text='BIODRO', units='pix', win=Window(...), wrapWidth=500)
5.2947 	EXP 	Created unnamed Rect = Rect(__class__=<class 'psychopy.visual.rect.Rect'>, autoDraw=False, autoLog=True, closeShape=True, color=method-wrapper(...), colorSpace=None, contrast=1.0, depth=0, fillColor=None, fillColorSpace='rgb', fillRGB=None, interpolate=True, lineColor='black', lineColorSpace='named', lineRGB=array([0., 0., 0.]), lineWidth=2, name='unnamed Rect', opacity=1.0, ori=array(0.), pos=array([-114.5,  -50. ]), size=array([1., 1.]), units='pix', vertices=ndarray(...), win=Window(...))
5.3001 	EXP 	Created unnamed TextStim = TextStim(__class__=<class 'psychopy.visual.text.TextStim'>, alignHoriz='center', alignVert='center', antialias=True, autoLog=True, bold=False, color='black', colorSpace='named', contrast=1.0, depth=0, flipHoriz=False, flipVert=False, font='Arial', fontFiles=[], height=32, italic=False, languageStyle='LTR', name='unnamed TextStim', opacity=1.0, ori=0.0, pos=array([113., -50.]), rgb=array([0., 0., 0.]), text='BIURKO', units='pix', win=Window(...), wrapWidth=500)
5.3017 	EXP 	Created unnamed Rect = Rect(__class__=<class 'psychopy.visual.rect.Rect'>, autoDraw=False, autoLog=True, closeShape=True, color=method-wrapper(...), colorSpace=None, contrast=1.0, depth=0, fillColor=None, fillColorSpace='rgb', fillRGB=None, interpolate=True, lineColor='black', lineColorSpace='named', lineRGB=array([0., 0., 0.]), lineWidth=2, name='unnamed Rect', opacity=1.0, ori=array(0.), pos=array([113., -50.]), size=array([1., 1.]), units='pix', vertices=ndarray(...), win=Window(...))
5.3073 	EXP 	Created unnamed TextStim = TextStim(__class__=<class 'psychopy.visual.text.TextStim'>, alignHoriz='center', alignVert='center', antialias=True, autoLog=True, bold=False, color='black', colorSpace='named', contrast=1.0, depth=0, flipHoriz=False, flipVert=False, font='Arial', fontFiles=[], height=32, italic=False, languageStyle='LTR', name='unnamed TextStim', opacity=1.0, ori=0.0, pos=array([341.5, -50. ]), rgb=array([0., 0., 0.]), text='CHOMIK', units='pix', win=Window(...), wrapWidth=500)
5.3085 	EXP 	Created unnamed Rect = Rect(__class__=<class 'psychopy.visual.rect.Rect'>, autoDraw=False, autoLog=True, closeShape=True, color=method-wrapper(...), colorSpace=None, contrast=1.0, depth=0, fillColor=None, fillColorSpace='rgb', fillRGB=None, interpolate=True, lineColor='black', lineColorSpace='named', lineRGB=array([0., 0., 0.]), lineWidth=2, name='unnamed Rect', opacity=1.0, ori=array(0.), pos=array([341.5, -50. ]), size=array([1., 1.]), units='pix', vertices=ndarray(...), win=Window(...))
5.3191 	EXP 	Created unnamed TextStim = TextStim(__class__=<class 'psychopy.visual.text.TextStim'>, alignHoriz='center', alignVert='center', antialias=True, autoLog=True, bold=False, color='black', colorSpace='named', contrast=1.0, depth=0, flipHoriz=False, flipVert=False, font='Arial', fontFiles=[], height=32, italic=False, languageStyle='LTR', name='unnamed TextStim', opacity=1.0, ori=0.0, pos=array([  0., 200.]), rgb=array([0., 0., 0.]), text='PÓŁKA', units='pix', win=Window(...), wrapWidth=500)
5.3273 	EXP 	Created unnamed TextStim = TextStim(__class__=<class 'psychopy.visual.text.TextStim'>, alignHoriz='center', alignVert='center', antialias=True, autoLog=True, bold=False, color='red', colorSpace='named', contrast=1.0, depth=0, flipHoriz=False, flipVert=False, font='Arial', fontFiles=[], height=32, italic=False, languageStyle='LTR', name='unnamed TextStim', opacity=1.0, ori=0.0, pos=array([  0., 150.]), rgb=array([255.,   0.,   0.]), text='SOSNA', units='pix', win=Window(...), wrapWidth=500)
5.3353 	EXP 	Created unnamed TextStim = TextStim(__class__=<class 'psychopy.visual.text.TextStim'>, alignHoriz='center', alignVert='center', antialias=True, autoLog=True, bold=False, color=array([1., 1., 1.]), colorSpace='rgb', contrast=1.0, depth=0, flipHoriz=False, flipVert=False, font='Arial', fontFiles=[], height=32, italic=False, languageStyle='LTR', name='unnamed TextStim', opacity=1.0, ori=0.0, pos=array([0., 0.]), rgb=array([1., 1., 1.]), text='STOPA', units='pix', win=Window(...), wrapWidth=500)
5.3455 	EXP 	Created unnamed TextStim = TextStim(__class__=<class 'psychopy.visual.text.TextStim'>, alignHoriz='center', alignVert='center', antialias=True, autoLog=True, bold=False, color=array([1., 1., 1.]), colorSpace='rgb', contrast=1.0, depth=0, flipHoriz=False, flipVert=False, font='Arial', fontFiles=[], height=32, italic=False, languageStyle='LTR', name='unnamed TextStim', opacity=1.0, ori=0.0, pos=array([0., 0.]), rgb=array([1., 1., 1.]), text='SOSNA', units='pix', win=Window(...), wrapWidth=500)
5.3516 	EXP 	Created unnamed TextStim = TextStim(__class__=<class 'psychopy.visual.text.TextStim'>, alignHoriz='center', alignVert='center', antialias=True, autoLog=True, bold=False, color=array([1., 1., 1.]), colorSpace='rgb', contrast=1.0, depth=0, flipHoriz=False, flipVert=False, font='Arial', fontFiles=[], height=32, italic=False, languageStyle='LTR', name='unnamed TextStim', opacity=1.0, ori=0.0, pos=array([0., 0.]), rgb=array([1., 1., 1.]), text='ROSÓŁ', units='pix', win=Window(...), wrapWidth=500)
5.3580 	EXP 	Created unnamed TextStim = TextStim(__class__=<class 'psychopy.visual.text.TextStim'>, alignHoriz='center', alignVert='center', antialias=True, autoLog=True, bold=False, color=array([1., 1., 1.]), colorSpace='rgb', contrast=1.0, depth=0, flipHoriz=False, flipVert=False, font='Arial', fontFiles=[], height=32, italic=False, languageStyle='LTR', name='unnamed TextStim', opacity=1.0, ori=0.0, pos=array([0., 0.]), rgb=array([1., 1., 1.]), text='PÓŁKA', units='pix', win=Window(...), wrapWidth=500)
5.3638 	EXP 	Created unnamed TextStim = TextStim(__class__=<class 'psychopy.visual.text.TextStim'>, alignHoriz='center', alignVert='center', antialias=True, autoLog=True, bold=False, color='black', colorSpace='named', contrast=1.0, depth=0, flipHoriz=False, flipVert=False, font='Arial', fontFiles=[], height=32, italic=False, languageStyle='LTR', name='unnamed TextStim', opacity=1.0, ori=0.0, pos=array([-320.5,  -50. ]), rgb=array([0., 0., 0.]), text='STOPA', units='pix', win=Window(...), wrapWidth=500)
5.3652 	EXP 	Created unnamed Rect = Rect(__class__=<class 'psychopy.visual.rect.Rect'>, autoDraw=False, autoLog=True, closeShape=True, color=method-wrapper(...), colorSpace=None, contrast=1.0, depth=0, fillColor=None, fillColorSpace='rgb', fillRGB=None, interpolate=True, lineColor='black', lineColorSpace='named', lineRGB=array([0., 0., 0.]), lineWidth=2, name='unnamed Rect', opacity=1.0, ori=array(0.), pos=array([-320.5,  -50. ]), size=array([1., 1.]), units='pix', vertices=ndarray(...), win=Window(...))
5.3720 	EXP 	Created unnamed TextStim = TextStim(__class__=<class 'psychopy.visual.text.TextStim'>, alignHoriz='center', alignVert='center', antialias=True, autoLog=True, bold=False, color='black', colorSpace='named', contrast=1.0, depth=0, flipHoriz=False, flipVert=False, font='Arial', fontFiles=[], height=32, italic=False, languageStyle='LTR', name='unnamed TextStim', opacity=1.0, ori=0.0, pos=array([-107.5,  -50. ]), rgb=array([0., 0., 0.]), text='SOSNA', units='pix', win=Window(...), wrapWidth=500)
5.3738 	EXP 	Created unnamed Rect = Rect(__class__=<class 'psychopy.visual.rect.Rect'>, autoDraw=False, autoLog=True, closeShape=True, color=method-wrapper(...), colorSpace=None, contrast=1.0, depth=0, fillColor=None, fillColorSpace='rgb', fillRGB=None, interpolate=True, lineColor='black', lineColorSpace='named', lineRGB=array([0., 0., 0.]), lineWidth=2, name='unnamed Rect', opacity=1.0, ori=array(0.), pos=array([-107.5,  -50. ]), size=array([1., 1.]), units='pix', vertices=ndarray(...), win=Window(...))
5.3796 	EXP 	Created unnamed TextStim = TextStim(__class__=<class 'psychopy.visual.text.TextStim'>, alignHoriz='center', alignVert='center', antialias=True, autoLog=True, bold=False, color='black', colorSpace='named', contrast=1.0, depth=0, flipHoriz=False, flipVert=False, font='Arial', fontFiles=[], height=32, italic=False, languageStyle='LTR', name='unnamed TextStim', opacity=1.0, ori=0.0, pos=array([107., -50.]), rgb=array([0., 0., 0.]), text='ROSÓŁ', units='pix', win=Window(...), wrapWidth=500)
5.3808 	EXP 	Created unnamed Rect = Rect(__class__=<class 'psychopy.visual.rect.Rect'>, autoDraw=False, autoLog=True, closeShape=True, color=method-wrapper(...), colorSpace=None, contrast=1.0, depth=0, fillColor=None, fillColorSpace='rgb', fillRGB=None, interpolate=True, lineColor='black', lineColorSpace='named', lineRGB=array([0., 0., 0.]), lineWidth=2, name='unnamed Rect', opacity=1.0, ori=array(0.), pos=array([107., -50.]), size=array([1., 1.]), units='pix', vertices=ndarray(...), win=Window(...))
5.4326 	EXP 	Created unnamed TextStim = TextStim(__class__=<class 'psychopy.visual.text.TextStim'>, alignHoriz='center', alignVert='center', antialias=True, autoLog=True, bold=False, color='black', colorSpace='named', contrast=1.0, depth=0, flipHoriz=False, flipVert=False, font='Arial', fontFiles=[], height=32, italic=False, languageStyle='LTR', name='unnamed TextStim', opacity=1.0, ori=0.0, pos=array([318.5, -50. ]), rgb=array([0., 0., 0.]), text='PÓŁKA', units='pix', win=Window(...), wrapWidth=500)
5.4339 	EXP 	Created unnamed Rect = Rect(__class__=<class 'psychopy.visual.rect.Rect'>, autoDraw=False, autoLog=True, closeShape=True, color=method-wrapper(...), colorSpace=None, contrast=1.0, depth=0, fillColor=None, fillColorSpace='rgb', fillRGB=None, interpolate=True, lineColor='black', lineColorSpace='named', lineRGB=array([0., 0., 0.]), lineWidth=2, name='unnamed Rect', opacity=1.0, ori=array(0.), pos=array([318.5, -50. ]), size=array([1., 1.]), units='pix', vertices=ndarray(...), win=Window(...))
5.9599 	EXP 	unnamed TextStim: autoDraw = True
5.9599 	EXP 	unnamed TextStim: autoDraw = True
5.9599 	EXP 	unnamed TextStim: autoDraw = True
5.9599 	EXP 	unnamed TextStim: autoDraw = True
5.9599 	EXP 	unnamed TextStim: autoDraw = True
5.9599 	EXP 	unnamed TextStim: autoDraw = True
5.9599 	EXP 	unnamed TextStim: autoDraw = True
8.4764 	DATA 	Mouse: Left button down, pos=(796,485)
8.5229 	EXP 	Created unnamed TextStim = TextStim(__class__=<class 'psychopy.visual.text.TextStim'>, alignHoriz='center', alignVert='center', antialias=True, autoLog=True, bold=False, color='black', colorSpace='named', contrast=1.0, depth=0, flipHoriz=False, flipVert=False, font='Arial', fontFiles=[], height=32, italic=False, languageStyle='LTR', name='unnamed TextStim', opacity=1.0, ori=0.0, pos=array([   0., -200.]), rgb=array([0., 0., 0.]), text=str(...), units='pix', win=Window(...), wrapWidth=1920)
8.5295 	EXP 	unnamed TextStim: autoDraw = True
8.5295 	EXP 	unnamed Rect: lineColor = 'green'
8.5295 	EXP 	unnamed Rect: autoDraw = True
8.5295 	EXP 	unnamed Rect: lineColor = 'red'
8.5295 	EXP 	unnamed Rect: autoDraw = True
8.5816 	DATA 	Mouse:  Left button up, pos=(796,485)
11.9037 	DATA 	Keypress: space
11.9068 	EXP 	unnamed TextStim: autoDraw = False
11.9068 	EXP 	unnamed TextStim: autoDraw = False
11.9068 	EXP 	unnamed TextStim: autoDraw = False
11.9068 	EXP 	unnamed TextStim: autoDraw = False
11.9068 	EXP 	unnamed TextStim: autoDraw = False
11.9068 	EXP 	unnamed TextStim: autoDraw = False
11.9068 	EXP 	unnamed TextStim: autoDraw = False
11.9068 	EXP 	unnamed Rect: autoDraw = False
11.9068 	EXP 	unnamed Rect: autoDraw = False
11.9068 	EXP 	unnamed Rect: autoDraw = False
11.9068 	EXP 	unnamed Rect: autoDraw = False
11.9068 	EXP 	unnamed TextStim: autoDraw = False
14.4412 	EXP 	unnamed TextStim: autoDraw = True
14.4412 	EXP 	unnamed TextStim: autoDraw = True
14.4412 	EXP 	unnamed TextStim: autoDraw = True
14.4412 	EXP 	unnamed TextStim: autoDraw = True
14.4412 	EXP 	unnamed TextStim: autoDraw = True
14.4412 	EXP 	unnamed TextStim: autoDraw = True
14.4412 	EXP 	unnamed TextStim: autoDraw = True
14.7436 	DATA 	Mouse: Left button down, pos=(911,471)
14.7809 	EXP 	Created unnamed TextStim = TextStim(__class__=<class 'psychopy.visual.text.TextStim'>, alignHoriz='center', alignVert='center', antialias=True, autoLog=True, bold=False, color='black', colorSpace='named', contrast=1.0, depth=0, flipHoriz=False, flipVert=False, font='Arial', fontFiles=[], height=32, italic=False, languageStyle='LTR', name='unnamed TextStim', opacity=1.0, ori=0.0, pos=array([   0., -200.]), rgb=array([0., 0., 0.]), text=str(...), units='pix', win=Window(...), wrapWidth=1920)
14.7854 	EXP 	unnamed TextStim: autoDraw = True
14.7854 	EXP 	unnamed Rect: lineColor = 'green'
14.7854 	EXP 	unnamed Rect: autoDraw = True
14.7854 	EXP 	unnamed Rect: lineColor = 'red'
14.7854 	EXP 	unnamed Rect: autoDraw = True
14.8378 	DATA 	Mouse:  Left button up, pos=(911,471)
16.1290 	DATA 	Keypress: space
16.1317 	EXP 	unnamed TextStim: autoDraw = False
16.1317 	EXP 	unnamed TextStim: autoDraw = False
16.1317 	EXP 	unnamed TextStim: autoDraw = False
16.1317 	EXP 	unnamed TextStim: autoDraw = False
16.1317 	EXP 	unnamed TextStim: autoDraw = False
16.1317 	EXP 	unnamed TextStim: autoDraw = False
16.1317 	EXP 	unnamed TextStim: autoDraw = False
16.1317 	EXP 	unnamed Rect: autoDraw = False
16.1317 	EXP 	unnamed Rect: autoDraw = False
16.1317 	EXP 	unnamed Rect: autoDraw = False
16.1317 	EXP 	unnamed Rect: autoDraw = False
16.1317 	EXP 	unnamed TextStim: autoDraw = False
18.1661 	EXP 	Created unnamed ImageStim = ImageStim(__class__=<class 'psychopy.visual.image.ImageStim'>, autoLog=True, color=array([1., 1., 1.]), colorSpace='rgb', contrast=1.0, depth=0, flipHoriz=False, flipVert=False, image='images\\instruction_2.jpg', interpolate=True, mask=None, maskParams=None, name='unnamed ImageStim', opacity=1.0, ori=0.0, pos=array([0., 0.]), size=array([1600., 1000.]), texRes=128, units='pix', win=Window(...))
18.5212 	DATA 	Keypress: q
18.5213 	CRITICAL 	Experiment finished by user! q pressed.
18.5538 	EXP 	window1: mouseVisible = True
